{"D:\\Projects\\image-processing\\image-processing\\src\\controllers\\image.controller.ts": {"path":"D:\\Projects\\image-processing\\image-processing\\src\\controllers\\image.controller.ts","statementMap":{"0":{"start":{"line":2,"column":0},"end":{"line":2,"column":24}},"1":{"start":{"line":3,"column":0},"end":{"line":3,"column":null}},"2":{"start":{"line":10,"column":45},"end":{"line":35,"column":2}},"3":{"start":{"line":13,"column":4},"end":{"line":35,"column":2}},"4":{"start":{"line":14,"column":38},"end":{"line":14,"column":47}},"5":{"start":{"line":15,"column":20},"end":{"line":15,"column":33}},"6":{"start":{"line":17,"column":19},"end":{"line":20,"column":4}},"7":{"start":{"line":17,"column":30},"end":{"line":20,"column":4}},"8":{"start":{"line":18,"column":4},"end":{"line":18,"column":51}},"9":{"start":{"line":19,"column":4},"end":{"line":19,"column":43}},"10":{"start":{"line":22,"column":2},"end":{"line":22,"column":29}},"11":{"start":{"line":23,"column":2},"end":{"line":34,"column":3}},"12":{"start":{"line":24,"column":4},"end":{"line":24,"column":60}},"13":{"start":{"line":24,"column":20},"end":{"line":24,"column":60}},"14":{"start":{"line":25,"column":25},"end":{"line":25,"column":66}},"15":{"start":{"line":27,"column":4},"end":{"line":27,"column":30}},"16":{"start":{"line":29,"column":4},"end":{"line":29,"column":58}},"17":{"start":{"line":30,"column":4},"end":{"line":30,"column":29}},"18":{"start":{"line":32,"column":4},"end":{"line":32,"column":30}},"19":{"start":{"line":33,"column":4},"end":{"line":33,"column":52}},"20":{"start":{"line":10,"column":13},"end":{"line":10,"column":45}}},"fnMap":{"0":{"name":"(anonymous_8)","decl":{"start":{"line":10,"column":45},"end":{"line":10,"column":null}},"loc":{"start":{"line":13,"column":4},"end":{"line":35,"column":2}}},"1":{"name":"(anonymous_9)","decl":{"start":{"line":13,"column":4},"end":{"line":13,"column":null}},"loc":{"start":{"line":13,"column":4},"end":{"line":35,"column":1}}},"2":{"name":"(anonymous_10)","decl":{"start":{"line":17,"column":19},"end":{"line":17,"column":28}},"loc":{"start":{"line":17,"column":30},"end":{"line":20,"column":4}}},"3":{"name":"(anonymous_11)","decl":{"start":{"line":17,"column":30},"end":{"line":17,"column":null}},"loc":{"start":{"line":17,"column":30},"end":{"line":20,"column":3}}}},"branchMap":{"0":{"loc":{"start":{"line":14,"column":10},"end":{"line":14,"column":33}},"type":"default-arg","locations":[{"start":{"line":14,"column":23},"end":{"line":14,"column":33}}]},"1":{"loc":{"start":{"line":24,"column":4},"end":{"line":24,"column":60}},"type":"if","locations":[{"start":{"line":24,"column":4},"end":{"line":24,"column":60}}]}},"s":{"0":1,"1":1,"2":1,"3":2,"4":2,"5":2,"6":2,"7":0,"8":0,"9":0,"10":2,"11":2,"12":2,"13":1,"14":1,"15":1,"16":1,"17":1,"18":1,"19":1,"20":1},"f":{"0":2,"1":2,"2":0,"3":0},"b":{"0":[1],"1":[1]}}
,"D:\\Projects\\image-processing\\image-processing\\src\\controllers\\service-usage.controller.ts": {"path":"D:\\Projects\\image-processing\\image-processing\\src\\controllers\\service-usage.controller.ts","statementMap":{"0":{"start":{"line":2,"column":0},"end":{"line":2,"column":null}},"1":{"start":{"line":7,"column":49},"end":{"line":17,"column":2}},"2":{"start":{"line":10,"column":4},"end":{"line":17,"column":2}},"3":{"start":{"line":11,"column":2},"end":{"line":16,"column":3}},"4":{"start":{"line":12,"column":18},"end":{"line":12,"column":49}},"5":{"start":{"line":13,"column":4},"end":{"line":13,"column":20}},"6":{"start":{"line":15,"column":4},"end":{"line":15,"column":70}},"7":{"start":{"line":7,"column":13},"end":{"line":7,"column":49}},"8":{"start":{"line":19,"column":46},"end":{"line":29,"column":2}},"9":{"start":{"line":22,"column":4},"end":{"line":29,"column":2}},"10":{"start":{"line":23,"column":2},"end":{"line":28,"column":3}},"11":{"start":{"line":24,"column":18},"end":{"line":24,"column":46}},"12":{"start":{"line":25,"column":4},"end":{"line":25,"column":20}},"13":{"start":{"line":27,"column":4},"end":{"line":27,"column":67}},"14":{"start":{"line":19,"column":13},"end":{"line":19,"column":46}}},"fnMap":{"0":{"name":"(anonymous_7)","decl":{"start":{"line":7,"column":49},"end":{"line":7,"column":null}},"loc":{"start":{"line":10,"column":4},"end":{"line":17,"column":2}}},"1":{"name":"(anonymous_8)","decl":{"start":{"line":10,"column":4},"end":{"line":10,"column":null}},"loc":{"start":{"line":10,"column":4},"end":{"line":17,"column":1}}},"2":{"name":"(anonymous_9)","decl":{"start":{"line":19,"column":46},"end":{"line":19,"column":null}},"loc":{"start":{"line":22,"column":4},"end":{"line":29,"column":2}}},"3":{"name":"(anonymous_10)","decl":{"start":{"line":22,"column":4},"end":{"line":22,"column":null}},"loc":{"start":{"line":22,"column":4},"end":{"line":29,"column":1}}}},"branchMap":{},"s":{"0":1,"1":1,"2":2,"3":2,"4":2,"5":1,"6":1,"7":1,"8":1,"9":2,"10":2,"11":2,"12":1,"13":1,"14":1},"f":{"0":2,"1":2,"2":2,"3":2},"b":{}}
,"D:\\Projects\\image-processing\\image-processing\\src\\routes\\image.routes.ts": {"path":"D:\\Projects\\image-processing\\image-processing\\src\\routes\\image.routes.ts","statementMap":{"0":{"start":{"line":1,"column":0},"end":{"line":1,"column":30}},"1":{"start":{"line":2,"column":0},"end":{"line":2,"column":80}},"2":{"start":{"line":3,"column":0},"end":{"line":3,"column":65}},"3":{"start":{"line":4,"column":0},"end":{"line":4,"column":67}},"4":{"start":{"line":6,"column":15},"end":{"line":6,"column":31}},"5":{"start":{"line":8,"column":0},"end":{"line":13,"column":2}},"6":{"start":{"line":15,"column":0},"end":{"line":15,"column":22}}},"fnMap":{},"branchMap":{},"s":{"0":1,"1":1,"2":1,"3":1,"4":1,"5":1,"6":1},"f":{},"b":{}}
,"D:\\Projects\\image-processing\\image-processing\\src\\routes\\service-usage.routes.ts": {"path":"D:\\Projects\\image-processing\\image-processing\\src\\routes\\service-usage.routes.ts","statementMap":{"0":{"start":{"line":1,"column":0},"end":{"line":1,"column":30}},"1":{"start":{"line":2,"column":0},"end":{"line":2,"column":null}},"2":{"start":{"line":7,"column":15},"end":{"line":7,"column":31}},"3":{"start":{"line":9,"column":0},"end":{"line":9,"column":59}},"4":{"start":{"line":10,"column":0},"end":{"line":10,"column":65}},"5":{"start":{"line":12,"column":0},"end":{"line":12,"column":22}}},"fnMap":{},"branchMap":{},"s":{"0":1,"1":1,"2":1,"3":1,"4":1,"5":1},"f":{},"b":{}}
,"D:\\Projects\\image-processing\\image-processing\\src\\services\\image.service.ts": {"path":"D:\\Projects\\image-processing\\image-processing\\src\\services\\image.service.ts","statementMap":{"0":{"start":{"line":1,"column":0},"end":{"line":1,"column":42}},"1":{"start":{"line":2,"column":0},"end":{"line":2,"column":26}},"2":{"start":{"line":3,"column":0},"end":{"line":3,"column":24}},"3":{"start":{"line":5,"column":19},"end":{"line":5,"column":52}},"4":{"start":{"line":7,"column":40},"end":{"line":19,"column":2}},"5":{"start":{"line":7,"column":78},"end":{"line":19,"column":2}},"6":{"start":{"line":8,"column":15},"end":{"line":8,"column":40}},"7":{"start":{"line":10,"column":23},"end":{"line":10,"column":53}},"8":{"start":{"line":13,"column":4},"end":{"line":13,"column":61}},"9":{"start":{"line":14,"column":21},"end":{"line":14,"column":60}},"10":{"start":{"line":16,"column":4},"end":{"line":16,"column":67}},"11":{"start":{"line":18,"column":2},"end":{"line":18,"column":70}},"12":{"start":{"line":7,"column":13},"end":{"line":7,"column":40}},"13":{"start":{"line":21,"column":36},"end":{"line":27,"column":2}},"14":{"start":{"line":21,"column":65},"end":{"line":27,"column":2}},"15":{"start":{"line":22,"column":2},"end":{"line":26,"column":3}},"16":{"start":{"line":23,"column":4},"end":{"line":23,"column":50}},"17":{"start":{"line":24,"column":9},"end":{"line":26,"column":3}},"18":{"start":{"line":25,"column":4},"end":{"line":25,"column":45}},"19":{"start":{"line":21,"column":13},"end":{"line":21,"column":36}},"20":{"start":{"line":29,"column":28},"end":{"line":58,"column":2}},"21":{"start":{"line":32,"column":21},"end":{"line":58,"column":2}},"22":{"start":{"line":33,"column":19},"end":{"line":33,"column":72}},"23":{"start":{"line":35,"column":22},"end":{"line":35,"column":53}},"24":{"start":{"line":36,"column":2},"end":{"line":40,"column":3}},"25":{"start":{"line":37,"column":4},"end":{"line":37,"column":38}},"26":{"start":{"line":38,"column":4},"end":{"line":38,"column":40}},"27":{"start":{"line":39,"column":4},"end":{"line":39,"column":46}},"28":{"start":{"line":42,"column":14},"end":{"line":42,"column":30}},"29":{"start":{"line":43,"column":2},"end":{"line":46,"column":3}},"30":{"start":{"line":44,"column":28},"end":{"line":44,"column":72}},"31":{"start":{"line":45,"column":4},"end":{"line":45,"column":66}},"32":{"start":{"line":48,"column":2},"end":{"line":48,"column":40}},"33":{"start":{"line":50,"column":25},"end":{"line":50,"column":47}},"34":{"start":{"line":52,"column":2},"end":{"line":54,"column":5}},"35":{"start":{"line":55,"column":2},"end":{"line":55,"column":47}},"36":{"start":{"line":56,"column":2},"end":{"line":56,"column":43}},"37":{"start":{"line":57,"column":2},"end":{"line":57,"column":24}},"38":{"start":{"line":29,"column":13},"end":{"line":29,"column":28}}},"fnMap":{"0":{"name":"(anonymous_8)","decl":{"start":{"line":7,"column":40},"end":{"line":7,"column":47}},"loc":{"start":{"line":7,"column":78},"end":{"line":19,"column":2}}},"1":{"name":"(anonymous_9)","decl":{"start":{"line":7,"column":78},"end":{"line":7,"column":null}},"loc":{"start":{"line":7,"column":78},"end":{"line":19,"column":1}}},"2":{"name":"(anonymous_10)","decl":{"start":{"line":21,"column":36},"end":{"line":21,"column":43}},"loc":{"start":{"line":21,"column":65},"end":{"line":27,"column":2}}},"3":{"name":"(anonymous_11)","decl":{"start":{"line":21,"column":65},"end":{"line":21,"column":null}},"loc":{"start":{"line":21,"column":65},"end":{"line":27,"column":1}}},"4":{"name":"(anonymous_12)","decl":{"start":{"line":29,"column":28},"end":{"line":29,"column":null}},"loc":{"start":{"line":32,"column":21},"end":{"line":58,"column":2}}},"5":{"name":"(anonymous_13)","decl":{"start":{"line":32,"column":21},"end":{"line":32,"column":null}},"loc":{"start":{"line":32,"column":21},"end":{"line":58,"column":1}}}},"branchMap":{"0":{"loc":{"start":{"line":13,"column":4},"end":{"line":13,"column":61}},"type":"binary-expr","locations":[{"start":{"line":13,"column":4},"end":{"line":13,"column":56}},{"start":{"line":13,"column":60},"end":{"line":13,"column":61}}]},"1":{"loc":{"start":{"line":22,"column":2},"end":{"line":26,"column":3}},"type":"if","locations":[{"start":{"line":22,"column":2},"end":{"line":26,"column":3}},{"start":{"line":24,"column":9},"end":{"line":26,"column":3}}]},"2":{"loc":{"start":{"line":22,"column":6},"end":{"line":22,"column":43}},"type":"binary-expr","locations":[{"start":{"line":22,"column":6},"end":{"line":22,"column":23}},{"start":{"line":22,"column":27},"end":{"line":22,"column":43}}]},"3":{"loc":{"start":{"line":24,"column":9},"end":{"line":26,"column":3}},"type":"if","locations":[{"start":{"line":24,"column":9},"end":{"line":26,"column":3}}]},"4":{"loc":{"start":{"line":36,"column":2},"end":{"line":40,"column":3}},"type":"if","locations":[{"start":{"line":36,"column":2},"end":{"line":40,"column":3}}]},"5":{"loc":{"start":{"line":43,"column":2},"end":{"line":46,"column":3}},"type":"if","locations":[{"start":{"line":43,"column":2},"end":{"line":46,"column":3}}]},"6":{"loc":{"start":{"line":45,"column":25},"end":{"line":45,"column":43}},"type":"binary-expr","locations":[{"start":{"line":45,"column":25},"end":{"line":45,"column":30}},{"start":{"line":45,"column":34},"end":{"line":45,"column":43}}]},"7":{"loc":{"start":{"line":45,"column":45},"end":{"line":45,"column":64}},"type":"binary-expr","locations":[{"start":{"line":45,"column":45},"end":{"line":45,"column":51}},{"start":{"line":45,"column":55},"end":{"line":45,"column":64}}]}},"s":{"0":1,"1":1,"2":1,"3":1,"4":1,"5":2,"6":2,"7":2,"8":2,"9":2,"10":2,"11":2,"12":1,"13":1,"14":5,"15":5,"16":2,"17":3,"18":2,"19":1,"20":1,"21":3,"22":3,"23":3,"24":3,"25":1,"26":1,"27":1,"28":2,"29":2,"30":1,"31":1,"32":2,"33":2,"34":2,"35":2,"36":2,"37":2,"38":1},"f":{"0":2,"1":2,"2":5,"3":5,"4":3,"5":3},"b":{"0":[2,1],"1":[2,3],"2":[5,4],"3":[2],"4":[1],"5":[1],"6":[1,0],"7":[1,0]}}
,"D:\\Projects\\image-processing\\image-processing\\src\\services\\service-usage.service.ts": {"path":"D:\\Projects\\image-processing\\image-processing\\src\\services\\service-usage.service.ts","statementMap":{"0":{"start":{"line":1,"column":0},"end":{"line":1,"column":42}},"1":{"start":{"line":2,"column":0},"end":{"line":2,"column":20}},"2":{"start":{"line":3,"column":0},"end":{"line":3,"column":24}},"3":{"start":{"line":5,"column":19},"end":{"line":5,"column":52}},"4":{"start":{"line":7,"column":39},"end":{"line":26,"column":2}},"5":{"start":{"line":7,"column":50},"end":{"line":26,"column":2}},"6":{"start":{"line":8,"column":30},"end":{"line":9,"column":null}},"7":{"start":{"line":12,"column":4},"end":{"line":12,"column":57}},"8":{"start":{"line":13,"column":25},"end":{"line":13,"column":73}},"9":{"start":{"line":15,"column":4},"end":{"line":15,"column":60}},"10":{"start":{"line":17,"column":4},"end":{"line":17,"column":78}},"11":{"start":{"line":19,"column":2},"end":{"line":25,"column":4}},"12":{"start":{"line":7,"column":13},"end":{"line":7,"column":39}},"13":{"start":{"line":28,"column":36},"end":{"line":52,"column":2}},"14":{"start":{"line":28,"column":47},"end":{"line":52,"column":2}},"15":{"start":{"line":29,"column":22},"end":{"line":29,"column":55}},"16":{"start":{"line":32,"column":4},"end":{"line":32,"column":56}},"17":{"start":{"line":34,"column":20},"end":{"line":34,"column":63}},"18":{"start":{"line":35,"column":22},"end":{"line":35,"column":67}},"19":{"start":{"line":36,"column":29},"end":{"line":36,"column":72}},"20":{"start":{"line":38,"column":4},"end":{"line":40,"column":9}},"21":{"start":{"line":42,"column":4},"end":{"line":44,"column":9}},"22":{"start":{"line":46,"column":2},"end":{"line":51,"column":4}},"23":{"start":{"line":28,"column":13},"end":{"line":28,"column":36}}},"fnMap":{"0":{"name":"(anonymous_8)","decl":{"start":{"line":7,"column":39},"end":{"line":7,"column":48}},"loc":{"start":{"line":7,"column":50},"end":{"line":26,"column":2}}},"1":{"name":"(anonymous_9)","decl":{"start":{"line":7,"column":50},"end":{"line":7,"column":null}},"loc":{"start":{"line":7,"column":50},"end":{"line":26,"column":1}}},"2":{"name":"(anonymous_10)","decl":{"start":{"line":28,"column":36},"end":{"line":28,"column":45}},"loc":{"start":{"line":28,"column":47},"end":{"line":52,"column":2}}},"3":{"name":"(anonymous_11)","decl":{"start":{"line":28,"column":47},"end":{"line":28,"column":null}},"loc":{"start":{"line":28,"column":47},"end":{"line":52,"column":1}}}},"branchMap":{"0":{"loc":{"start":{"line":9,"column":4},"end":{"line":9,"column":57}},"type":"binary-expr","locations":[{"start":{"line":9,"column":5},"end":{"line":9,"column":49}},{"start":{"line":9,"column":54},"end":{"line":9,"column":57}}]},"1":{"loc":{"start":{"line":12,"column":4},"end":{"line":12,"column":57}},"type":"binary-expr","locations":[{"start":{"line":12,"column":5},"end":{"line":12,"column":49}},{"start":{"line":12,"column":54},"end":{"line":12,"column":57}}]},"2":{"loc":{"start":{"line":13,"column":25},"end":{"line":13,"column":73}},"type":"binary-expr","locations":[{"start":{"line":13,"column":26},"end":{"line":13,"column":65}},{"start":{"line":13,"column":70},"end":{"line":13,"column":73}}]},"3":{"loc":{"start":{"line":17,"column":4},"end":{"line":17,"column":78}},"type":"cond-expr","locations":[{"start":{"line":17,"column":25},"end":{"line":17,"column":74}},{"start":{"line":17,"column":77},"end":{"line":17,"column":78}}]},"4":{"loc":{"start":{"line":32,"column":4},"end":{"line":32,"column":56}},"type":"binary-expr","locations":[{"start":{"line":32,"column":5},"end":{"line":32,"column":48}},{"start":{"line":32,"column":53},"end":{"line":32,"column":56}}]},"5":{"loc":{"start":{"line":34,"column":20},"end":{"line":34,"column":63}},"type":"binary-expr","locations":[{"start":{"line":34,"column":21},"end":{"line":34,"column":55}},{"start":{"line":34,"column":60},"end":{"line":34,"column":63}}]},"6":{"loc":{"start":{"line":35,"column":22},"end":{"line":35,"column":67}},"type":"binary-expr","locations":[{"start":{"line":35,"column":23},"end":{"line":35,"column":59}},{"start":{"line":35,"column":64},"end":{"line":35,"column":67}}]},"7":{"loc":{"start":{"line":38,"column":4},"end":{"line":40,"column":9}},"type":"cond-expr","locations":[{"start":{"line":39,"column":8},"end":{"line":39,"column":56}},{"start":{"line":40,"column":8},"end":{"line":40,"column":9}}]},"8":{"loc":{"start":{"line":42,"column":4},"end":{"line":44,"column":9}},"type":"cond-expr","locations":[{"start":{"line":43,"column":8},"end":{"line":43,"column":58}},{"start":{"line":44,"column":8},"end":{"line":44,"column":9}}]}},"s":{"0":1,"1":1,"2":1,"3":1,"4":1,"5":3,"6":3,"7":3,"8":3,"9":3,"10":3,"11":3,"12":1,"13":1,"14":2,"15":2,"16":2,"17":2,"18":2,"19":2,"20":2,"21":2,"22":2,"23":1},"f":{"0":3,"1":3,"2":2,"3":2},"b":{"0":[3,0],"1":[3,0],"2":[3,0],"3":[2,1],"4":[2,1],"5":[2,1],"6":[2,1],"7":[1,1],"8":[1,1]}}
}
