TN:
SF:src\controllers\image.controller.ts
FN:10,(anonymous_8)
FN:13,(anonymous_9)
FN:17,(anonymous_10)
FN:17,(anonymous_11)
FNF:4
FNH:2
FNDA:2,(anonymous_8)
FNDA:2,(anonymous_9)
FNDA:0,(anonymous_10)
FNDA:0,(anonymous_11)
DA:2,1
DA:3,1
DA:10,1
DA:13,2
DA:14,2
DA:15,2
DA:17,2
DA:18,0
DA:19,0
DA:22,2
DA:23,2
DA:24,2
DA:25,1
DA:27,1
DA:29,1
DA:30,1
DA:32,1
DA:33,1
LF:18
LH:16
BRDA:14,0,0,1
BRDA:24,1,0,1
BRF:2
BRH:2
end_of_record
TN:
SF:src\controllers\service-usage.controller.ts
FN:7,(anonymous_7)
FN:10,(anonymous_8)
FN:19,(anonymous_9)
FN:22,(anonymous_10)
FNF:4
FNH:4
FNDA:2,(anonymous_7)
FNDA:2,(anonymous_8)
FNDA:2,(anonymous_9)
FNDA:2,(anonymous_10)
DA:2,1
DA:7,1
DA:10,2
DA:11,2
DA:12,2
DA:13,1
DA:15,1
DA:19,1
DA:22,2
DA:23,2
DA:24,2
DA:25,1
DA:27,1
LF:13
LH:13
BRF:0
BRH:0
end_of_record
TN:
SF:src\routes\image.routes.ts
FNF:0
FNH:0
DA:1,1
DA:2,1
DA:3,1
DA:4,1
DA:6,1
DA:8,1
DA:15,1
LF:7
LH:7
BRF:0
BRH:0
end_of_record
TN:
SF:src\routes\service-usage.routes.ts
FNF:0
FNH:0
DA:1,1
DA:2,1
DA:7,1
DA:9,1
DA:10,1
DA:12,1
LF:6
LH:6
BRF:0
BRH:0
end_of_record
TN:
SF:src\services\image.service.ts
FN:7,(anonymous_8)
FN:7,(anonymous_9)
FN:21,(anonymous_10)
FN:21,(anonymous_11)
FN:29,(anonymous_12)
FN:32,(anonymous_13)
FNF:6
FNH:6
FNDA:2,(anonymous_8)
FNDA:2,(anonymous_9)
FNDA:5,(anonymous_10)
FNDA:5,(anonymous_11)
FNDA:3,(anonymous_12)
FNDA:3,(anonymous_13)
DA:1,1
DA:2,1
DA:3,1
DA:5,1
DA:7,2
DA:8,2
DA:10,2
DA:13,2
DA:14,2
DA:16,2
DA:18,2
DA:21,5
DA:22,5
DA:23,2
DA:24,3
DA:25,2
DA:29,1
DA:32,3
DA:33,3
DA:35,3
DA:36,3
DA:37,1
DA:38,1
DA:39,1
DA:42,2
DA:43,2
DA:44,1
DA:45,1
DA:48,2
DA:50,2
DA:52,2
DA:55,2
DA:56,2
DA:57,2
LF:34
LH:34
BRDA:13,0,0,2
BRDA:13,0,1,1
BRDA:22,1,0,2
BRDA:22,1,1,3
BRDA:22,2,0,5
BRDA:22,2,1,4
BRDA:24,3,0,2
BRDA:36,4,0,1
BRDA:43,5,0,1
BRDA:45,6,0,1
BRDA:45,6,1,0
BRDA:45,7,0,1
BRDA:45,7,1,0
BRF:13
BRH:11
end_of_record
TN:
SF:src\services\service-usage.service.ts
FN:7,(anonymous_8)
FN:7,(anonymous_9)
FN:28,(anonymous_10)
FN:28,(anonymous_11)
FNF:4
FNH:4
FNDA:3,(anonymous_8)
FNDA:3,(anonymous_9)
FNDA:2,(anonymous_10)
FNDA:2,(anonymous_11)
DA:1,1
DA:2,1
DA:3,1
DA:5,1
DA:7,3
DA:8,3
DA:12,3
DA:13,3
DA:15,3
DA:17,3
DA:19,3
DA:28,2
DA:29,2
DA:32,2
DA:34,2
DA:35,2
DA:36,2
DA:38,2
DA:42,2
DA:46,2
LF:20
LH:20
BRDA:9,0,0,3
BRDA:9,0,1,0
BRDA:12,1,0,3
BRDA:12,1,1,0
BRDA:13,2,0,3
BRDA:13,2,1,0
BRDA:17,3,0,2
BRDA:17,3,1,1
BRDA:32,4,0,2
BRDA:32,4,1,1
BRDA:34,5,0,2
BRDA:34,5,1,1
BRDA:35,6,0,2
BRDA:35,6,1,1
BRDA:38,7,0,1
BRDA:38,7,1,1
BRDA:42,8,0,1
BRDA:42,8,1,1
BRF:18
BRH:15
end_of_record
